{
  "RSpec": {
    "coverage": {
      "/Users/giordanofalves/Projects/gimail/app/controllers/application_controller.rb": [
        1,
        1,
        1,
        1,
        null,
        1,
        null,
        1,
        11,
        null,
        null
      ],
      "/Users/giordanofalves/Projects/gimail/spec/features/users/register_new_user_spec.rb": [
        1,
        null,
        1,
        1,
        1,
        1,
        null,
        null,
        1,
        1,
        null,
        null,
        1,
        1,
        1,
        1,
        null,
        1,
        null,
        1,
        null,
        null,
        null
      ],
      "/Users/giordanofalves/Projects/gimail/spec/features/users/user_sign_in_spec.rb": [
        1,
        null,
        1,
        2,
        1,
        1,
        null,
        null,
        1,
        1,
        2,
        null,
        null,
        1,
        1,
        1,
        1,
        null,
        1,
        null,
        1,
        null,
        null,
        null,
        1,
        1,
        1,
        1,
        null,
        1,
        null,
        1,
        null,
        null,
        null,
        null,
        null
      ],
      "/Users/giordanofalves/Projects/gimail/spec/features/users/user_sign_out_spec.rb": [
        1,
        null,
        1,
        1,
        1,
        1,
        null,
        null,
        1,
        1,
        null,
        1,
        1,
        1,
        null,
        null,
        null
      ],
      "/Users/giordanofalves/Projects/gimail/spec/models/user_spec.rb": [
        1,
        null,
        1,
        1,
        2,
        2,
        2,
        2,
        2,
        2,
        2,
        2,
        null,
        null,
        1,
        2,
        2,
        null,
        null,
        1,
        3,
        null,
        2,
        2,
        null,
        null
      ],
      "/Users/giordanofalves/Projects/gimail/spec/views/users/passwords/new.html.erb_spec.rb": [
        1,
        null,
        1,
        1,
        1,
        null,
        1,
        1,
        2,
        null,
        null,
        1,
        1,
        1,
        1,
        null,
        null,
        1,
        1,
        null,
        null
      ],
      "/Users/giordanofalves/Projects/gimail/spec/views/users/sessions/new.html.erb_spec.rb": [
        1,
        null,
        1,
        1,
        1,
        null,
        1,
        1,
        3,
        null,
        null,
        1,
        1,
        1,
        1,
        1,
        null,
        null,
        1,
        1,
        1,
        null,
        null,
        1,
        1,
        1,
        1,
        1,
        null,
        null
      ],
      "/Users/giordanofalves/Projects/gimail/spec/views/users/unlocks/new.html.erb_spec.rb": [
        1,
        null,
        1,
        1,
        1,
        null,
        1,
        1,
        2,
        null,
        null,
        1,
        1,
        null,
        null,
        1,
        1,
        null,
        null
      ],
      "/Users/giordanofalves/Projects/gimail/app/controllers/home_controller.rb": [
        1,
        1,
        null
      ]
    },
    "timestamp": 1490731128
  }
}
